Using pre-set license
Built from '2020.3/staging' branch; Version is '2020.3.16f1 (049d6eca3c44) revision 302446'; Using compiler version '192528614'; Build Type 'Release'
OS: 'Windows 10 Pro; OS build 19043.1288; Version 2009; 64bit' Language: 'zh' Physical Memory: 32625 MB
BatchMode: 1, IsHumanControllingUs: 0, StartBugReporterOnCrash: 0, Is64bit: 1, IsPro: 0

 COMMAND LINE ARGUMENTS:
C:\Program Files\Unity\Hub\Editor\2020.3.16f1\Editor\Unity.exe
-adb2
-batchMode
-noUpm
-name
AssetImportWorker0
-projectPath
C:/KID/Projects/Unity/Unity_Lion_AR_Foundation_20211027/Lion_AR_Foundation_Example_20211027
-logFile
Logs/AssetImportWorker0.log
-srvPort
5139
Successfully changed project path to: C:/KID/Projects/Unity/Unity_Lion_AR_Foundation_20211027/Lion_AR_Foundation_Example_20211027
C:/KID/Projects/Unity/Unity_Lion_AR_Foundation_20211027/Lion_AR_Foundation_Example_20211027
Using Asset Import Pipeline V2.
Refreshing native plugins compatible for Editor in 39.22 ms, found 0 plugins.
Preloading 0 native plugins for Editor in 0.00 ms.
Initialize engine version: 2020.3.16f1 (049d6eca3c44)
[Subsystems] Discovering subsystems at path C:/Program Files/Unity/Hub/Editor/2020.3.16f1/Editor/Data/Resources/UnitySubsystems
[Subsystems] Discovering subsystems at path C:/KID/Projects/Unity/Unity_Lion_AR_Foundation_20211027/Lion_AR_Foundation_Example_20211027/Assets
GfxDevice: creating device client; threaded=0
Direct3D:
    Version:  Direct3D 11.0 [level 11.1]
    Renderer: NVIDIA GeForce RTX 2070 with Max-Q Design (ID=0x1f10)
    Vendor:   
    VRAM:     8031 MB
    Driver:   27.21.14.6275
Initialize mono
Mono path[0] = 'C:/Program Files/Unity/Hub/Editor/2020.3.16f1/Editor/Data/Managed'
Mono path[1] = 'C:/Program Files/Unity/Hub/Editor/2020.3.16f1/Editor/Data/MonoBleedingEdge/lib/mono/unityjit'
Mono config path = 'C:/Program Files/Unity/Hub/Editor/2020.3.16f1/Editor/Data/MonoBleedingEdge/etc'
Using monoOptions --debugger-agent=transport=dt_socket,embedding=1,server=y,suspend=n,address=127.0.0.1:56568
Begin MonoManager ReloadAssembly
Registering precompiled unity dll's ...
Register platform support module: C:/Program Files/Unity/Hub/Editor/2020.3.16f1/Editor/Data/PlaybackEngines/WebGLSupport/UnityEditor.WebGL.Extensions.dll
Register platform support module: C:/Program Files/Unity/Hub/Editor/2020.3.16f1/Editor/Data/PlaybackEngines/WindowsStandaloneSupport/UnityEditor.WindowsStandalone.Extensions.dll
Registered in 0.003459 seconds.
Native extension for WindowsStandalone target not found
Native extension for WebGL target not found
Refreshing native plugins compatible for Editor in 81.56 ms, found 0 plugins.
Preloading 0 native plugins for Editor in 0.00 ms.
Mono: successfully reloaded assembly
- Completed reload, in  2.414 seconds
Domain Reload Profiling:
	ReloadAssembly (2414ms)
		BeginReloadAssembly (68ms)
			ExecutionOrderSort (0ms)
			DisableScriptedObjects (0ms)
			BackupInstance (0ms)
			ReleaseScriptingObjects (0ms)
			CreateAndSetChildDomain (1ms)
		EndReloadAssembly (652ms)
			LoadAssemblies (65ms)
			RebuildTransferFunctionScriptingTraits (0ms)
			SetupTypeCache (191ms)
			ReleaseScriptCaches (0ms)
			RebuildScriptCaches (60ms)
			SetupLoadedEditorAssemblies (262ms)
				LogAssemblyErrors (0ms)
				InitializePlatformSupportModulesInManaged (12ms)
				SetLoadedEditorAssemblies (0ms)
				RefreshPlugins (82ms)
				BeforeProcessingInitializeOnLoad (21ms)
				ProcessInitializeOnLoadAttributes (107ms)
				ProcessInitializeOnLoadMethodAttributes (39ms)
				AfterProcessingInitializeOnLoad (0ms)
				EditorAssembliesLoaded (0ms)
			ExecutionOrderSort2 (0ms)
			AwakeInstancesAfterBackupRestoration (0ms)
Platform modules already initialized, skipping
Registering precompiled user dll's ...
Registered in 0.001744 seconds.
Begin MonoManager ReloadAssembly
Native extension for WindowsStandalone target not found
Native extension for WebGL target not found
Refreshing native plugins compatible for Editor in 37.85 ms, found 0 plugins.
Preloading 0 native plugins for Editor in 0.00 ms.
Mono: successfully reloaded assembly
- Completed reload, in  1.165 seconds
Domain Reload Profiling:
	ReloadAssembly (1166ms)
		BeginReloadAssembly (180ms)
			ExecutionOrderSort (0ms)
			DisableScriptedObjects (4ms)
			BackupInstance (0ms)
			ReleaseScriptingObjects (0ms)
			CreateAndSetChildDomain (22ms)
		EndReloadAssembly (910ms)
			LoadAssemblies (105ms)
			RebuildTransferFunctionScriptingTraits (0ms)
			SetupTypeCache (254ms)
			ReleaseScriptCaches (1ms)
			RebuildScriptCaches (59ms)
			SetupLoadedEditorAssemblies (335ms)
				LogAssemblyErrors (0ms)
				InitializePlatformSupportModulesInManaged (5ms)
				SetLoadedEditorAssemblies (0ms)
				RefreshPlugins (38ms)
				BeforeProcessingInitializeOnLoad (106ms)
				ProcessInitializeOnLoadAttributes (172ms)
				ProcessInitializeOnLoadMethodAttributes (4ms)
				AfterProcessingInitializeOnLoad (8ms)
				EditorAssembliesLoaded (0ms)
			ExecutionOrderSort2 (0ms)
			AwakeInstancesAfterBackupRestoration (9ms)
Platform modules already initialized, skipping
========================================================================
Worker process is ready to serve import requests
Launched and connected shader compiler UnityShaderCompiler.exe after 0.10 seconds
Refreshing native plugins compatible for Editor in 0.61 ms, found 0 plugins.
Preloading 0 native plugins for Editor in 0.00 ms.
Unloading 1555 Unused Serialized files (Serialized files now loaded: 0)
System memory in use before: 73.9 MB.
System memory in use after: 74.0 MB.

Unloading 22 unused Assets to reduce memory usage. Loaded Objects now: 1991.
Total: 4.717900 ms (FindLiveObjects: 0.248000 ms CreateObjectMapping: 0.077900 ms MarkObjects: 4.238700 ms  DeleteObjects: 0.131000 ms)

AssetImportParameters requested are different than current active one (requested -> active):
  custom:framework-win-MediaFoundation: 216162199b28c13a410421893ffa2e32 -> 
  custom:video-decoder-ogg-theora: a1e56fd34408186e4bbccfd4996cb3dc -> 
  custom:container-muxer-webm: aa71ff27fc2769a1b78a27578f13a17b -> 
  custom:container-demuxer-webm: 4f35f7cbe854078d1ac9338744f61a02 -> 
  custom:container-demuxer-ogg: 62fdf1f143b41e24485cea50d1cbac27 -> 
  custom:video-encoder-webm-vp8: eb34c28f22e8b96e1ab97ce403110664 -> 
  custom:video-codec-MediaFoundation-h265: 746d11721c4dcdbdad8f713fa42b33f4 -> 
  custom:video-decoder-webm-vp8: 9c59270c3fd7afecdb556c50c9e8de78 -> 
  custom:audio-decoder-ogg-vorbis: bf7c407c2cedff20999df2af8eb42d56 -> 
  custom:audio-encoder-webm-vorbis: bf7c407c2cedff20999df2af8eb42d56 -> 
========================================================================
Received Import Request.
  path: Assets/Scenes/FaceTracking/ARCoreFaceRegions.unity
  artifactKey: Guid(d1739ac106ca65e4b83528a440314bd9) Importer(815301076,1909f56bfc062723c751e8b465ee728b)
Start importing Assets/Scenes/FaceTracking/ARCoreFaceRegions.unity using Guid(d1739ac106ca65e4b83528a440314bd9) Importer(815301076,1909f56bfc062723c751e8b465ee728b)  -> (artifact id: 'a9aec25056d9e0409f4b337102804af0') in 0.022344 seconds 
  Import took 0.025750 seconds .

========================================================================
Received Import Request.
  Time since last request: 0.000304 seconds.
  path: Assets/Scenes/FaceTracking
  artifactKey: Guid(8c1909290913d4c389b1517a0146bfca) Importer(815301076,1909f56bfc062723c751e8b465ee728b)
Start importing Assets/Scenes/FaceTracking using Guid(8c1909290913d4c389b1517a0146bfca) Importer(815301076,1909f56bfc062723c751e8b465ee728b)  -> (artifact id: '1325ba55f86b66d3dbe639f6f82ff850') in 0.016861 seconds 
  Import took 0.021023 seconds .

========================================================================
Received Prepare
Registering precompiled user dll's ...
Registered in 0.001748 seconds.
Begin MonoManager ReloadAssembly
Native extension for WindowsStandalone target not found
Native extension for WebGL target not found
Refreshing native plugins compatible for Editor in 0.61 ms, found 0 plugins.
Preloading 0 native plugins for Editor in 0.00 ms.
Mono: successfully reloaded assembly
- Completed reload, in  1.173 seconds
Domain Reload Profiling:
	ReloadAssembly (1174ms)
		BeginReloadAssembly (128ms)
			ExecutionOrderSort (0ms)
			DisableScriptedObjects (5ms)
			BackupInstance (0ms)
			ReleaseScriptingObjects (0ms)
			CreateAndSetChildDomain (26ms)
		EndReloadAssembly (957ms)
			LoadAssemblies (105ms)
			RebuildTransferFunctionScriptingTraits (0ms)
			SetupTypeCache (287ms)
			ReleaseScriptCaches (1ms)
			RebuildScriptCaches (47ms)
			SetupLoadedEditorAssemblies (321ms)
				LogAssemblyErrors (0ms)
				InitializePlatformSupportModulesInManaged (8ms)
				SetLoadedEditorAssemblies (1ms)
				RefreshPlugins (1ms)
				BeforeProcessingInitializeOnLoad (111ms)
				ProcessInitializeOnLoadAttributes (183ms)
				ProcessInitializeOnLoadMethodAttributes (5ms)
				AfterProcessingInitializeOnLoad (11ms)
				EditorAssembliesLoaded (1ms)
			ExecutionOrderSort2 (0ms)
			AwakeInstancesAfterBackupRestoration (8ms)
Platform modules already initialized, skipping
Refreshing native plugins compatible for Editor in 0.47 ms, found 0 plugins.
Preloading 0 native plugins for Editor in 0.00 ms.
Unloading 1533 Unused Serialized files (Serialized files now loaded: 0)
System memory in use before: 72.6 MB.
System memory in use after: 72.7 MB.

Unloading 15 unused Assets to reduce memory usage. Loaded Objects now: 1994.
Total: 2.820200 ms (FindLiveObjects: 0.214200 ms CreateObjectMapping: 0.056600 ms MarkObjects: 2.475200 ms  DeleteObjects: 0.072800 ms)

AssetImportParameters requested are different than current active one (requested -> active):
  custom:framework-win-MediaFoundation: 216162199b28c13a410421893ffa2e32 -> 
  custom:video-decoder-ogg-theora: a1e56fd34408186e4bbccfd4996cb3dc -> 
  custom:container-muxer-webm: aa71ff27fc2769a1b78a27578f13a17b -> 
  custom:container-demuxer-webm: 4f35f7cbe854078d1ac9338744f61a02 -> 
  custom:container-demuxer-ogg: 62fdf1f143b41e24485cea50d1cbac27 -> 
  custom:video-encoder-webm-vp8: eb34c28f22e8b96e1ab97ce403110664 -> 
  custom:video-codec-MediaFoundation-h265: 746d11721c4dcdbdad8f713fa42b33f4 -> 
  custom:video-decoder-webm-vp8: 9c59270c3fd7afecdb556c50c9e8de78 -> 
  custom:audio-decoder-ogg-vorbis: bf7c407c2cedff20999df2af8eb42d56 -> 
  custom:audio-encoder-webm-vorbis: bf7c407c2cedff20999df2af8eb42d56 -> 
========================================================================
Received Import Request.
  Time since last request: 239.743242 seconds.
  path: Assets/Meshes/sloth_head_blendshapes5.fbx
  artifactKey: Guid(63ae12abc50414d5c882dbe18f6a820b) Importer(815301076,1909f56bfc062723c751e8b465ee728b)
Start importing Assets/Meshes/sloth_head_blendshapes5.fbx using Guid(63ae12abc50414d5c882dbe18f6a820b) Importer(815301076,1909f56bfc062723c751e8b465ee728b)  -> (artifact id: '5c85917ad4558e9da038b9c4669707a5') in 0.984869 seconds 
  Import took 0.999936 seconds .

========================================================================
Received Prepare
Registering precompiled user dll's ...
Registered in 0.000951 seconds.
Begin MonoManager ReloadAssembly
Native extension for WindowsStandalone target not found
Native extension for WebGL target not found
Refreshing native plugins compatible for Editor in 0.60 ms, found 0 plugins.
Preloading 0 native plugins for Editor in 0.00 ms.
Mono: successfully reloaded assembly
- Completed reload, in  1.336 seconds
Domain Reload Profiling:
	ReloadAssembly (1336ms)
		BeginReloadAssembly (147ms)
			ExecutionOrderSort (0ms)
			DisableScriptedObjects (6ms)
			BackupInstance (0ms)
			ReleaseScriptingObjects (0ms)
			CreateAndSetChildDomain (31ms)
		EndReloadAssembly (1070ms)
			LoadAssemblies (137ms)
			RebuildTransferFunctionScriptingTraits (0ms)
			SetupTypeCache (347ms)
			ReleaseScriptCaches (1ms)
			RebuildScriptCaches (51ms)
			SetupLoadedEditorAssemblies (367ms)
				LogAssemblyErrors (0ms)
				InitializePlatformSupportModulesInManaged (7ms)
				SetLoadedEditorAssemblies (1ms)
				RefreshPlugins (1ms)
				BeforeProcessingInitializeOnLoad (123ms)
				ProcessInitializeOnLoadAttributes (221ms)
				ProcessInitializeOnLoadMethodAttributes (5ms)
				AfterProcessingInitializeOnLoad (9ms)
				EditorAssembliesLoaded (0ms)
			ExecutionOrderSort2 (0ms)
			AwakeInstancesAfterBackupRestoration (12ms)
Platform modules already initialized, skipping
Switching build target platform(19) subTarget(0) extendedPlatform(0) -> platform(13) subTarget(589824) extendedPlatform(0)
Refreshing native plugins compatible for Editor in 0.42 ms, found 0 plugins.
Preloading 0 native plugins for Editor in 0.00 ms.
Unloading 1537 Unused Serialized files (Serialized files now loaded: 0)
System memory in use before: 75.8 MB.
System memory in use after: 75.9 MB.

Unloading 15 unused Assets to reduce memory usage. Loaded Objects now: 2007.
Total: 2.988200 ms (FindLiveObjects: 0.207300 ms CreateObjectMapping: 0.061400 ms MarkObjects: 2.651800 ms  DeleteObjects: 0.066100 ms)

AssetImportParameters requested are different than current active one (requested -> active):
  custom:framework-win-MediaFoundation: 216162199b28c13a410421893ffa2e32 -> 
  custom:video-decoder-ogg-theora: a1e56fd34408186e4bbccfd4996cb3dc -> 
  custom:container-muxer-webm: aa71ff27fc2769a1b78a27578f13a17b -> 
  custom:container-demuxer-webm: 4f35f7cbe854078d1ac9338744f61a02 -> 
  custom:container-demuxer-ogg: 62fdf1f143b41e24485cea50d1cbac27 -> 
  custom:video-encoder-webm-vp8: eb34c28f22e8b96e1ab97ce403110664 -> 
  custom:video-codec-MediaFoundation-h265: 746d11721c4dcdbdad8f713fa42b33f4 -> 
  custom:video-decoder-webm-vp8: 9c59270c3fd7afecdb556c50c9e8de78 -> 
  custom:graphics/normal-map-encoding: 01000000000000000000000000000000 -> 02000000000000000000000000000000
  custom:audio-decoder-ogg-vorbis: bf7c407c2cedff20999df2af8eb42d56 -> 
  custom:audio-encoder-webm-vorbis: bf7c407c2cedff20999df2af8eb42d56 -> 
========================================================================
Received Prepare
Refreshing native plugins compatible for Editor in 3.78 ms, found 0 plugins.
Preloading 0 native plugins for Editor in 0.00 ms.
Unloading 12 Unused Serialized files (Serialized files now loaded: 0)
System memory in use before: 44.8 MB.
System memory in use after: 44.9 MB.

Unloading 12 unused Assets to reduce memory usage. Loaded Objects now: 2007.
Total: 2.984200 ms (FindLiveObjects: 0.153200 ms CreateObjectMapping: 0.137300 ms MarkObjects: 2.647000 ms  DeleteObjects: 0.045800 ms)

AssetImportParameters requested are different than current active one (requested -> active):
  custom:framework-win-MediaFoundation: 216162199b28c13a410421893ffa2e32 -> 
  custom:video-decoder-ogg-theora: a1e56fd34408186e4bbccfd4996cb3dc -> 
  custom:container-muxer-webm: aa71ff27fc2769a1b78a27578f13a17b -> 
  custom:container-demuxer-webm: 4f35f7cbe854078d1ac9338744f61a02 -> 
  custom:container-demuxer-ogg: 62fdf1f143b41e24485cea50d1cbac27 -> 
  custom:video-encoder-webm-vp8: eb34c28f22e8b96e1ab97ce403110664 -> 
  custom:video-codec-MediaFoundation-h265: 746d11721c4dcdbdad8f713fa42b33f4 -> 
  custom:video-decoder-webm-vp8: 9c59270c3fd7afecdb556c50c9e8de78 -> 
  custom:audio-decoder-ogg-vorbis: bf7c407c2cedff20999df2af8eb42d56 -> 
  custom:audio-encoder-webm-vorbis: bf7c407c2cedff20999df2af8eb42d56 -> 
========================================================================
Received Import Request.
  Time since last request: 451.144799 seconds.
  path: Assets/Prefabs/TriAxes.prefab
  artifactKey: Guid(48e43bbe3af404986bbdc5a552e5fefd) Importer(815301076,1909f56bfc062723c751e8b465ee728b)
Start importing Assets/Prefabs/TriAxes.prefab using Guid(48e43bbe3af404986bbdc5a552e5fefd) Importer(815301076,1909f56bfc062723c751e8b465ee728b)  -> (artifact id: 'bf0fde9239a6faf0f0c49d25dbbbc9b0') in 0.295042 seconds 
  Import took 0.299002 seconds .

========================================================================
Received Import Request.
  Time since last request: 0.009356 seconds.
  path: Assets/Prefabs/TriAxes.prefab
  artifactKey: Guid(48e43bbe3af404986bbdc5a552e5fefd) Importer(815301076,1909f56bfc062723c751e8b465ee728b)
Start importing Assets/Prefabs/TriAxes.prefab using Guid(48e43bbe3af404986bbdc5a552e5fefd) Importer(815301076,1909f56bfc062723c751e8b465ee728b)  -> (artifact id: 'bf0fde9239a6faf0f0c49d25dbbbc9b0') in 0.029002 seconds 
  Import took 0.033842 seconds .

========================================================================
Received Import Request.
  Time since last request: 44.772889 seconds.
  path: Assets/Scenes/FaceTracking/ARKitFaceBlendShapes.unity
  artifactKey: Guid(e9280441e79e84bdbbf6b724880ae2d9) Importer(815301076,1909f56bfc062723c751e8b465ee728b)
Start importing Assets/Scenes/FaceTracking/ARKitFaceBlendShapes.unity using Guid(e9280441e79e84bdbbf6b724880ae2d9) Importer(815301076,1909f56bfc062723c751e8b465ee728b)  -> (artifact id: 'ef6b4c6927cca42cc0135290dae229d7') in 0.016608 seconds 
  Import took 0.020549 seconds .

========================================================================
Received Prepare
Refreshing native plugins compatible for Editor in 3.77 ms, found 0 plugins.
Preloading 0 native plugins for Editor in 0.00 ms.
Unloading 12 Unused Serialized files (Serialized files now loaded: 0)
System memory in use before: 44.9 MB.
System memory in use after: 45.0 MB.

Unloading 11 unused Assets to reduce memory usage. Loaded Objects now: 2010.
Total: 11.102400 ms (FindLiveObjects: 0.273700 ms CreateObjectMapping: 0.095100 ms MarkObjects: 10.658600 ms  DeleteObjects: 0.073500 ms)

AssetImportParameters requested are different than current active one (requested -> active):
  custom:framework-win-MediaFoundation: 216162199b28c13a410421893ffa2e32 -> 
  custom:video-decoder-ogg-theora: a1e56fd34408186e4bbccfd4996cb3dc -> 
  custom:container-muxer-webm: aa71ff27fc2769a1b78a27578f13a17b -> 
  custom:container-demuxer-webm: 4f35f7cbe854078d1ac9338744f61a02 -> 
  custom:container-demuxer-ogg: 62fdf1f143b41e24485cea50d1cbac27 -> 
  custom:video-encoder-webm-vp8: eb34c28f22e8b96e1ab97ce403110664 -> 
  custom:video-codec-MediaFoundation-h265: 746d11721c4dcdbdad8f713fa42b33f4 -> 
  custom:video-decoder-webm-vp8: 9c59270c3fd7afecdb556c50c9e8de78 -> 
  custom:audio-decoder-ogg-vorbis: bf7c407c2cedff20999df2af8eb42d56 -> 
  custom:audio-encoder-webm-vorbis: bf7c407c2cedff20999df2af8eb42d56 -> 
========================================================================
Received Import Request.
  Time since last request: 766.546307 seconds.
  path: Assets/Prefabs/SlothHead.prefab
  artifactKey: Guid(a5e76df5cbfd54a06abdaf52046adbc0) Importer(815301076,1909f56bfc062723c751e8b465ee728b)
Start importing Assets/Prefabs/SlothHead.prefab using Guid(a5e76df5cbfd54a06abdaf52046adbc0) Importer(815301076,1909f56bfc062723c751e8b465ee728b)  -> (artifact id: '95f7578a2d2ea5075839a00ac62403fd') in 1.617209 seconds 
  Import took 1.627479 seconds .

========================================================================
Received Import Request.
  Time since last request: 72.350722 seconds.
  path: Assets/Scenes/FaceTracking/EyeLasers.unity
  artifactKey: Guid(c8ca2b95503fe4a7194f37bfbe5e4688) Importer(815301076,1909f56bfc062723c751e8b465ee728b)
Start importing Assets/Scenes/FaceTracking/EyeLasers.unity using Guid(c8ca2b95503fe4a7194f37bfbe5e4688) Importer(815301076,1909f56bfc062723c751e8b465ee728b)  -> (artifact id: '02a9170d8c6148ad7aacc2672930bf21') in 0.017683 seconds 
  Import took 0.024316 seconds .

========================================================================
Received Import Request.
  Time since last request: 16.664681 seconds.
  path: Assets/Scenes/FaceTracking/FaceMesh.unity
  artifactKey: Guid(6dd901454502546c88b6cf8b9f47ded0) Importer(815301076,1909f56bfc062723c751e8b465ee728b)
Start importing Assets/Scenes/FaceTracking/FaceMesh.unity using Guid(6dd901454502546c88b6cf8b9f47ded0) Importer(815301076,1909f56bfc062723c751e8b465ee728b)  -> (artifact id: 'd887f224ff63e9caa4e889bb0413d512') in 0.021899 seconds 
  Import took 0.026763 seconds .

========================================================================
Received Import Request.
  Time since last request: 7.919878 seconds.
  path: Assets/Prefabs/FaceMeshPrefab.prefab
  artifactKey: Guid(92e70fac81673432784c18cf08f10366) Importer(815301076,1909f56bfc062723c751e8b465ee728b)
Start importing Assets/Prefabs/FaceMeshPrefab.prefab using Guid(92e70fac81673432784c18cf08f10366) Importer(815301076,1909f56bfc062723c751e8b465ee728b)  -> (artifact id: '4930ce618ffc721fa76fa7f4a77d47ed') in 0.024689 seconds 
  Import took 0.029333 seconds .

========================================================================
Received Import Request.
  Time since last request: 0.041332 seconds.
  path: Assets/Prefabs/FaceMeshPrefab.prefab
  artifactKey: Guid(92e70fac81673432784c18cf08f10366) Importer(815301076,1909f56bfc062723c751e8b465ee728b)
Start importing Assets/Prefabs/FaceMeshPrefab.prefab using Guid(92e70fac81673432784c18cf08f10366) Importer(815301076,1909f56bfc062723c751e8b465ee728b)  -> (artifact id: '4930ce618ffc721fa76fa7f4a77d47ed') in 0.008922 seconds 
  Import took 0.012333 seconds .

========================================================================
Received Import Request.
  Time since last request: 10.976109 seconds.
  path: Assets/Scenes/FaceTracking/FaceMeshSettings.lighting
  artifactKey: Guid(018c258374c0a468483f3a6c38da1974) Importer(815301076,1909f56bfc062723c751e8b465ee728b)
Start importing Assets/Scenes/FaceTracking/FaceMeshSettings.lighting using Guid(018c258374c0a468483f3a6c38da1974) Importer(815301076,1909f56bfc062723c751e8b465ee728b)  -> (artifact id: 'c23ba8f9e0cc418ce615a28a1e43a366') in 0.046360 seconds 
  Import took 0.052852 seconds .

========================================================================
Received Import Request.
  Time since last request: 3.195648 seconds.
  path: Assets/Scenes/FaceTracking/FacePoseSettings.lighting
  artifactKey: Guid(50f483ba0fbbb4352b1a5372bc662a97) Importer(815301076,1909f56bfc062723c751e8b465ee728b)
Start importing Assets/Scenes/FaceTracking/FacePoseSettings.lighting using Guid(50f483ba0fbbb4352b1a5372bc662a97) Importer(815301076,1909f56bfc062723c751e8b465ee728b)  -> (artifact id: '48200a7a3e59f547b85fae6ddfeaf364') in 0.015803 seconds 
  Import took 0.022032 seconds .

========================================================================
Received Import Request.
  Time since last request: 37.934047 seconds.
  path: Assets/Scenes/HumanTracking/HumanBodyTracking2D.unity
  artifactKey: Guid(b2551dd1f69e7446e9093f0f38e03160) Importer(815301076,1909f56bfc062723c751e8b465ee728b)
Start importing Assets/Scenes/HumanTracking/HumanBodyTracking2D.unity using Guid(b2551dd1f69e7446e9093f0f38e03160) Importer(815301076,1909f56bfc062723c751e8b465ee728b)  -> (artifact id: '96e186c795081a252f2686691bfc8f24') in 0.015231 seconds 
  Import took 0.020566 seconds .

========================================================================
Received Import Request.
  Time since last request: 2.252702 seconds.
  path: Assets/Scenes/HumanTracking/HumanBodyTracking3D.unity
  artifactKey: Guid(9fc1f5ed98d414310a8b9e659c295d7c) Importer(815301076,1909f56bfc062723c751e8b465ee728b)
Start importing Assets/Scenes/HumanTracking/HumanBodyTracking3D.unity using Guid(9fc1f5ed98d414310a8b9e659c295d7c) Importer(815301076,1909f56bfc062723c751e8b465ee728b)  -> (artifact id: '3c45fa8ff94471f43522f503bb02c47d') in 0.013419 seconds 
  Import took 0.017444 seconds .

========================================================================
Received Import Request.
  Time since last request: 43.611933 seconds.
  path: Assets/Prefabs/robot/ControlledRobot.prefab
  artifactKey: Guid(d93d5415c51fa49aba66e61ec7b78b34) Importer(815301076,1909f56bfc062723c751e8b465ee728b)
Start importing Assets/Prefabs/robot/ControlledRobot.prefab using Guid(d93d5415c51fa49aba66e61ec7b78b34) Importer(815301076,1909f56bfc062723c751e8b465ee728b)  -> (artifact id: 'c560a7df56e1c9e4ae1ee92257fd4e69') in 1.135264 seconds 
  Import took 1.140595 seconds .

========================================================================
Received Prepare
Refreshing native plugins compatible for Editor in 4.37 ms, found 0 plugins.
Preloading 0 native plugins for Editor in 0.00 ms.
Unloading 11 Unused Serialized files (Serialized files now loaded: 0)
System memory in use before: 59.1 MB.
System memory in use after: 59.2 MB.

Unloading 11 unused Assets to reduce memory usage. Loaded Objects now: 2045.
Total: 5.925000 ms (FindLiveObjects: 0.255200 ms CreateObjectMapping: 0.052500 ms MarkObjects: 5.594700 ms  DeleteObjects: 0.020900 ms)

AssetImportParameters requested are different than current active one (requested -> active):
  custom:framework-win-MediaFoundation: 216162199b28c13a410421893ffa2e32 -> 
  custom:video-decoder-ogg-theora: a1e56fd34408186e4bbccfd4996cb3dc -> 
  custom:container-muxer-webm: aa71ff27fc2769a1b78a27578f13a17b -> 
  custom:container-demuxer-webm: 4f35f7cbe854078d1ac9338744f61a02 -> 
  custom:container-demuxer-ogg: 62fdf1f143b41e24485cea50d1cbac27 -> 
  custom:video-encoder-webm-vp8: eb34c28f22e8b96e1ab97ce403110664 -> 
  custom:video-codec-MediaFoundation-h265: 746d11721c4dcdbdad8f713fa42b33f4 -> 
  custom:video-decoder-webm-vp8: 9c59270c3fd7afecdb556c50c9e8de78 -> 
  custom:audio-decoder-ogg-vorbis: bf7c407c2cedff20999df2af8eb42d56 -> 
  custom:audio-encoder-webm-vorbis: bf7c407c2cedff20999df2af8eb42d56 -> 
========================================================================
Received Prepare
Refreshing native plugins compatible for Editor in 3.59 ms, found 0 plugins.
Preloading 0 native plugins for Editor in 0.00 ms.
Unloading 11 Unused Serialized files (Serialized files now loaded: 0)
System memory in use before: 59.1 MB.
System memory in use after: 59.2 MB.

Unloading 11 unused Assets to reduce memory usage. Loaded Objects now: 2045.
Total: 4.800500 ms (FindLiveObjects: 0.191100 ms CreateObjectMapping: 0.065500 ms MarkObjects: 4.516500 ms  DeleteObjects: 0.025700 ms)

AssetImportParameters requested are different than current active one (requested -> active):
  custom:framework-win-MediaFoundation: 216162199b28c13a410421893ffa2e32 -> 
  custom:video-decoder-ogg-theora: a1e56fd34408186e4bbccfd4996cb3dc -> 
  custom:container-muxer-webm: aa71ff27fc2769a1b78a27578f13a17b -> 
  custom:container-demuxer-webm: 4f35f7cbe854078d1ac9338744f61a02 -> 
  custom:container-demuxer-ogg: 62fdf1f143b41e24485cea50d1cbac27 -> 
  custom:video-encoder-webm-vp8: eb34c28f22e8b96e1ab97ce403110664 -> 
  custom:video-codec-MediaFoundation-h265: 746d11721c4dcdbdad8f713fa42b33f4 -> 
  custom:video-decoder-webm-vp8: 9c59270c3fd7afecdb556c50c9e8de78 -> 
  custom:audio-decoder-ogg-vorbis: bf7c407c2cedff20999df2af8eb42d56 -> 
  custom:audio-encoder-webm-vorbis: bf7c407c2cedff20999df2af8eb42d56 -> 
========================================================================
Received Import Request.
  Time since last request: 1360.418533 seconds.
  path: Assets/Scenes/HumanTracking/HumanBodyTracking3D.unity
  artifactKey: Guid(9fc1f5ed98d414310a8b9e659c295d7c) Importer(815301076,1909f56bfc062723c751e8b465ee728b)
Start importing Assets/Scenes/HumanTracking/HumanBodyTracking3D.unity using Guid(9fc1f5ed98d414310a8b9e659c295d7c) Importer(815301076,1909f56bfc062723c751e8b465ee728b)  -> (artifact id: '172b0d4e8627e794dba937e9619c353a') in 0.013572 seconds 
  Import took 0.018484 seconds .

========================================================================
Received Import Request.
  Time since last request: 201.133260 seconds.
  path: Assets/Scenes/ImageTracking/BasicImageTracking
  artifactKey: Guid(08fd61028ccc04cc5947a5b4acc3373f) Importer(815301076,1909f56bfc062723c751e8b465ee728b)
Start importing Assets/Scenes/ImageTracking/BasicImageTracking using Guid(08fd61028ccc04cc5947a5b4acc3373f) Importer(815301076,1909f56bfc062723c751e8b465ee728b)  -> (artifact id: '4895f6fa5dc2f26d33d52754a9ebda5a') in 0.016036 seconds 
  Import took 0.021167 seconds .

========================================================================
Received Import Request.
  Time since last request: 0.777037 seconds.
  path: Assets/Scenes/ImageTracking/BasicImageTracking/BasicImageTracking.unity
  artifactKey: Guid(e0b018a3c3b5cfd4c8e316706ec0a18c) Importer(815301076,1909f56bfc062723c751e8b465ee728b)
Start importing Assets/Scenes/ImageTracking/BasicImageTracking/BasicImageTracking.unity using Guid(e0b018a3c3b5cfd4c8e316706ec0a18c) Importer(815301076,1909f56bfc062723c751e8b465ee728b)  -> (artifact id: 'dfdc9b4d3af16ec7a2e790f8129b348f') in 0.015888 seconds 
  Import took 0.019772 seconds .

========================================================================
Received Import Request.
  Time since last request: 6.571787 seconds.
  path: Assets/Scenes/ImageTracking/Images
  artifactKey: Guid(94c563f8613990d4f92b374fe027690a) Importer(815301076,1909f56bfc062723c751e8b465ee728b)
Start importing Assets/Scenes/ImageTracking/Images using Guid(94c563f8613990d4f92b374fe027690a) Importer(815301076,1909f56bfc062723c751e8b465ee728b)  -> (artifact id: 'db4b84741aa5b28444dad863f53aaa33') in 0.016225 seconds 
  Import took 0.018894 seconds .

========================================================================
Received Import Request.
  Time since last request: 0.866809 seconds.
  path: Assets/Scenes/ImageTracking/Images/QRCode.jpg
  artifactKey: Guid(a6fd8503774c0402aa403884f5b77f39) Importer(815301076,1909f56bfc062723c751e8b465ee728b)
Start importing Assets/Scenes/ImageTracking/Images/QRCode.jpg using Guid(a6fd8503774c0402aa403884f5b77f39) Importer(815301076,1909f56bfc062723c751e8b465ee728b)  -> (artifact id: '545daabb483330d53d414366cc893ed7') in 0.051282 seconds 
  Import took 0.055714 seconds .

========================================================================
Received Import Request.
  Time since last request: 0.009789 seconds.
  path: Assets/Scenes/ImageTracking/Images/QRCode.jpg
  artifactKey: Guid(a6fd8503774c0402aa403884f5b77f39) Importer(815301076,1909f56bfc062723c751e8b465ee728b)
Start importing Assets/Scenes/ImageTracking/Images/QRCode.jpg using Guid(a6fd8503774c0402aa403884f5b77f39) Importer(815301076,1909f56bfc062723c751e8b465ee728b)  -> (artifact id: '545daabb483330d53d414366cc893ed7') in 0.011849 seconds 
  Import took 0.015880 seconds .

========================================================================
Received Import Request.
  Time since last request: 1.441146 seconds.
  path: Assets/Scenes/ImageTracking/Images/Rafflesia.jpg
  artifactKey: Guid(8185ee60df6f2a44e8c0cf22387f31aa) Importer(815301076,1909f56bfc062723c751e8b465ee728b)
Start importing Assets/Scenes/ImageTracking/Images/Rafflesia.jpg using Guid(8185ee60df6f2a44e8c0cf22387f31aa) Importer(815301076,1909f56bfc062723c751e8b465ee728b)  -> (artifact id: '59918f859f1da1e4c77aacc6992351b6') in 0.036460 seconds 
  Import took 0.041630 seconds .

========================================================================
Received Import Request.
  Time since last request: 1.385312 seconds.
  path: Assets/Scenes/ImageTracking/Images/two.png
  artifactKey: Guid(038b8a7b4862745aaadfd7c9f14e7bbd) Importer(815301076,1909f56bfc062723c751e8b465ee728b)
Start importing Assets/Scenes/ImageTracking/Images/two.png using Guid(038b8a7b4862745aaadfd7c9f14e7bbd) Importer(815301076,1909f56bfc062723c751e8b465ee728b)  -> (artifact id: '873b8adb7a5e8f771548a9ed3a21226e') in 0.026951 seconds 
  Import took 0.030973 seconds .

========================================================================
Received Import Request.
  Time since last request: 1.881065 seconds.
  path: Assets/Scenes/ImageTracking/Images/unitylogowhiteonblack.jpg
  artifactKey: Guid(5a804a4ff1f7e4038b1f1e6f4ad8a02b) Importer(815301076,1909f56bfc062723c751e8b465ee728b)
Start importing Assets/Scenes/ImageTracking/Images/unitylogowhiteonblack.jpg using Guid(5a804a4ff1f7e4038b1f1e6f4ad8a02b) Importer(815301076,1909f56bfc062723c751e8b465ee728b)  -> (artifact id: 'ade8fc404cf8ede9f571f7b88a4a370a') in 0.032674 seconds 
  Import took 0.035689 seconds .

========================================================================
Received Import Request.
  Time since last request: 23.601273 seconds.
  path: Assets/Scenes/ImageTracking/Images/ReferenceImageLibrary.asset
  artifactKey: Guid(c86e375d7e7430442a1104e88fa21f21) Importer(815301076,1909f56bfc062723c751e8b465ee728b)
Start importing Assets/Scenes/ImageTracking/Images/ReferenceImageLibrary.asset using Guid(c86e375d7e7430442a1104e88fa21f21) Importer(815301076,1909f56bfc062723c751e8b465ee728b)  -> (artifact id: 'c5a6ce76e84e39c0d15633e040c86eb5') in 0.131929 seconds 
  Import took 0.136374 seconds .

========================================================================
Received Import Request.
  Time since last request: 60.684588 seconds.
  path: Assets/Scenes/ImageTracking/Prefabs/ImageInfoPrefab.prefab
  artifactKey: Guid(5d81b097707c58e4b949537763ba4bbe) Importer(815301076,1909f56bfc062723c751e8b465ee728b)
Start importing Assets/Scenes/ImageTracking/Prefabs/ImageInfoPrefab.prefab using Guid(5d81b097707c58e4b949537763ba4bbe) Importer(815301076,1909f56bfc062723c751e8b465ee728b)  -> (artifact id: '6008f6e9e2b51d6ee1c40a815a1bfcdb') in 0.143136 seconds 
  Import took 0.150564 seconds .

========================================================================
Received Import Request.
  Time since last request: 15.995527 seconds.
  path: Assets/Scenes/Object Tracking/Cube.arobject
  artifactKey: Guid(124f01f93d53b4964a2d0b5319c54392) Importer(815301076,1909f56bfc062723c751e8b465ee728b)
Start importing Assets/Scenes/Object Tracking/Cube.arobject using Guid(124f01f93d53b4964a2d0b5319c54392) Importer(815301076,1909f56bfc062723c751e8b465ee728b)  -> (artifact id: '80b6cf20f23680f8a760d002f49ea479') in 0.038395 seconds 
  Import took 0.048527 seconds .

========================================================================
Received Import Request.
  Time since last request: 0.255823 seconds.
  path: Assets/Scenes/Object Tracking/Cube.arobject
  artifactKey: Guid(124f01f93d53b4964a2d0b5319c54392) Importer(815301076,1909f56bfc062723c751e8b465ee728b)
Start importing Assets/Scenes/Object Tracking/Cube.arobject using Guid(124f01f93d53b4964a2d0b5319c54392) Importer(815301076,1909f56bfc062723c751e8b465ee728b)  -> (artifact id: '80b6cf20f23680f8a760d002f49ea479') in 0.007562 seconds 
  Import took 0.012237 seconds .

========================================================================
Received Import Request.
  Time since last request: 2.158717 seconds.
  path: Assets/Scenes/Object Tracking/Cylinder.arobject
  artifactKey: Guid(1c82254aafb5041a290e59ebe31aee5d) Importer(815301076,1909f56bfc062723c751e8b465ee728b)
Start importing Assets/Scenes/Object Tracking/Cylinder.arobject using Guid(1c82254aafb5041a290e59ebe31aee5d) Importer(815301076,1909f56bfc062723c751e8b465ee728b)  -> (artifact id: '159d8a0af2360a2054d65fd158992661') in 0.021258 seconds 
  Import took 0.027854 seconds .

========================================================================
Received Import Request.
  Time since last request: 0.099261 seconds.
  path: Assets/Scenes/Object Tracking/Cylinder.arobject
  artifactKey: Guid(1c82254aafb5041a290e59ebe31aee5d) Importer(815301076,1909f56bfc062723c751e8b465ee728b)
Start importing Assets/Scenes/Object Tracking/Cylinder.arobject using Guid(1c82254aafb5041a290e59ebe31aee5d) Importer(815301076,1909f56bfc062723c751e8b465ee728b)  -> (artifact id: '159d8a0af2360a2054d65fd158992661') in 0.008771 seconds 
  Import took 0.013816 seconds .

AssetImportWorkerClient::OnTransportError - code=2 error=End of file
